<?xml version="1.0" encoding="UTF-8"?>
<!-- Generated by org.testng.reporters.JUnitReportReporter -->
<testsuite hostname="sunjian-HP" name="practicefive.IFrame" tests="1" failures="0" timestamp="2 Oct 2013 07:28:49 GMT" time="3.715" errors="0">
  <testcase name="changeiFrame" time="3.715" classname="practicefive.IFrame"/>
</testsuite> <!-- practicefive.IFrame -->
