<?xml version="1.0" encoding="UTF-8"?>
<!-- Generated by org.testng.reporters.JUnitReportReporter -->
<testsuite hostname="sunjian-HP" name="practicefive.TestCase" tests="1" failures="0" timestamp="16 Nov 2013 14:03:56 GMT" time="6.046" errors="0">
  <testcase name="dragAndDrop2" time="6.046" classname="practicefive.TestCase"/>
</testsuite> <!-- practicefive.TestCase -->
