<?xml version="1.0" encoding="UTF-8"?>
<!-- Generated by org.testng.reporters.JUnitReportReporter -->
<testsuite hostname="sunjian-HP" name="practicetwo.LaunchIE" tests="1" failures="0" timestamp="2 Oct 2013 06:19:39 GMT" time="12.598" errors="0">
  <testcase name="searchOnBaidu" time="12.598" classname="practicetwo.LaunchIE"/>
</testsuite> <!-- practicetwo.LaunchIE -->
