<?xml version="1.0" encoding="UTF-8"?>
<!-- Generated by org.testng.reporters.JUnitReportReporter -->
<testsuite hostname="sunjian-HP" name="practicefive.TestCase" tests="1" failures="0" timestamp="4 Oct 2013 16:28:24 GMT" time="11.216" errors="0">
  <testcase name="mouseRightclickContext" time="11.216" classname="practicefive.TestCase"/>
</testsuite> <!-- practicefive.TestCase -->
