<?xml version="1.0" encoding="UTF-8"?>
<!-- Generated by org.testng.reporters.JUnitReportReporter -->
<testsuite hostname="sunjian-HP" name="practicefour.Practice1OnTestNG" tests="1" failures="0" timestamp="28 Sep 2013 05:54:27 GMT" time="0.044" errors="0">
  <testcase name="test" time="0.044" classname="practicefour.Practice1OnTestNG"/>
</testsuite> <!-- practicefour.Practice1OnTestNG -->
