<?xml version="1.0" encoding="UTF-8"?>
<!-- Generated by org.testng.reporters.JUnitReportReporter -->
<testsuite hostname="sunjian-HP" name="practicesix.HomeWork6" tests="1" failures="0" timestamp="4 Oct 2013 13:34:58 GMT" time="8.870" errors="0">
  <testcase name="searchMerchandise" time="8.870" classname="practicesix.HomeWork6"/>
</testsuite> <!-- practicesix.HomeWork6 -->
